\BOOKMARK [1][-]{section*.1}{\376\377\144\130\211\201}{}% 1
\BOOKMARK [1][-]{section*.2}{\376\377\000A\000b\000s\000t\000r\000a\000c\000t}{}% 2
\BOOKMARK [1][-]{section.1}{\376\377\176\352\213\272}{}% 3
\BOOKMARK [1][-]{section.2}{\376\377\173\054\116\000\172\340}{}% 4
\BOOKMARK [2][-]{subsection.2.1}{\376\377\173\054\116\000\202\202}{section.2}% 5
\BOOKMARK [3][-]{subsubsection.2.1.1}{\376\377\173\054\116\214\176\323\147\204}{subsection.2.1}% 6
\BOOKMARK [1][-]{section.3}{\376\377\173\054\116\214\172\340}{}% 7
\BOOKMARK [1][-]{section.4}{\376\377\173\054\116\214\116\214\172\340}{}% 8
\BOOKMARK [2][-]{subsection.4.1}{\376\377\173\054\116\214\202\202}{section.4}% 9
\BOOKMARK [1][-]{section.5}{\376\377\176\352\213\272\226\077}{}% 10
\BOOKMARK [1][-]{section.6}{\376\377\173\054\116\000\172\340\123\315\133\371}{}% 11
\BOOKMARK [2][-]{subsection.6.1}{\376\377\173\054\116\000\202\202\123\315\133\371}{section.6}% 12
\BOOKMARK [1][-]{section.7}{\376\377\176\352\213\272\166\204}{}% 13
\BOOKMARK [1][-]{section.8}{\376\377\173\054\166\204\116\000\172\340}{}% 14
\BOOKMARK [2][-]{subsection.8.1}{\376\377\173\054\116\000\202\202}{section.8}% 15
\BOOKMARK [1][-]{section.9}{\376\377\176\352\213\272}{}% 16
\BOOKMARK [1][-]{section.10}{\376\377\173\054\116\000\172\340}{}% 17
\BOOKMARK [2][-]{subsection.10.1}{\376\377\173\054\116\000\202\202}{section.10}% 18
\BOOKMARK [1][-]{section.11}{\376\377\176\352\213\272}{}% 19
\BOOKMARK [1][-]{section.12}{\376\377\173\054\116\000\172\340}{}% 20
\BOOKMARK [2][-]{subsection.12.1}{\376\377\173\054\116\000\202\202}{section.12}% 21
\BOOKMARK [1][-]{section.13}{\376\377\176\352\213\272}{}% 22
\BOOKMARK [1][-]{section.14}{\376\377\173\054\116\000\172\340}{}% 23
\BOOKMARK [2][-]{subsection.14.1}{\376\377\173\054\116\000\202\202}{section.14}% 24
\BOOKMARK [1][-]{section.15}{\376\377\176\352\213\272}{}% 25
\BOOKMARK [1][-]{section.16}{\376\377\173\054\116\000\172\340}{}% 26
\BOOKMARK [2][-]{subsection.16.1}{\376\377\173\054\116\000\202\202}{section.16}% 27
